[25/Aug/2025 10:10:52] INFO Starting normalization of GWAS summary statistics files.
[25/Aug/2025 10:10:52] INFO Finished normalization of GWAS summary statistics files!
[25/Aug/2025 10:10:52] INFO Starting LMDB build of GWAS summary statistics files.
multiprocessing.pool.RemoteTraceback: 
"""
Traceback (most recent call last):
  File "/storage03/larend/dyhealthnetlight_docker/dyhealthnetlight_backend/backend/utils/preprocessing/variant_to_pvals_mapping.py", line 180, in build_chrom
    vec[j] = p
    ~~~^^^
ValueError: assignment destination is read-only

During handling of the above exception, another exception occurred:

Traceback (most recent call last):
  File "/home/larend/miniforge3/envs/dyhealthnetlight_backend/lib/python3.11/multiprocessing/pool.py", line 125, in worker
    result = (True, func(*args, **kwds))
                    ^^^^^^^^^^^^^^^^^^^
  File "/storage03/larend/dyhealthnetlight_docker/dyhealthnetlight_backend/backend/utils/preprocessing/variant_to_pvals_mapping.py", line 204, in build_chrom
    env.sync()
lmdb.Error: Attempt to operate on closed/deleted/dropped object.
"""

The above exception was the direct cause of the following exception:

Traceback (most recent call last):
  File "/storage03/larend/dyhealthnetlight_docker/dyhealthnetlight_backend/backend/management/commands/normalize.py", line 25, in handle
    build_lmdb_neglogp_f32()
  File "/storage03/larend/dyhealthnetlight_docker/dyhealthnetlight_backend/backend/utils/preprocessing/variant_to_pvals_mapping.py", line 240, in build_lmdb_neglogp_f32
    for done in pool.imap_unordered(build_chrom, args):
  File "/home/larend/miniforge3/envs/dyhealthnetlight_backend/lib/python3.11/multiprocessing/pool.py", line 873, in next
    raise value
lmdb.Error: Attempt to operate on closed/deleted/dropped object.
[25/Aug/2025 10:11:29] ERROR Normalization or LMDB creations of GWAS files failed: Attempt to operate on closed/deleted/dropped object.
