[22/Aug/2025 07:43:57] INFO Starting normalization of GWAS summary statistics files.
[22/Aug/2025 07:43:57] INFO Finished normalization of GWAS summary statistics files!
[22/Aug/2025 07:43:57] INFO Starting LMDB build of GWAS summary statistics files.
[22/Aug/2025 07:43:57] INFO Building LMDB shards for chromosomes: ['1', '2', '3', '4', '5', '6', '7', '8', '9', '10', '11', '12', '13', '14', '15', '16', '17', '18', '19', '20', '21', '22']
multiprocessing.pool.RemoteTraceback: 
"""
Traceback (most recent call last):
  File "/home/larend/miniforge3/envs/dyhealthnetlight_backend/lib/python3.11/multiprocessing/pool.py", line 125, in worker
    result = (True, func(*args, **kwds))
                    ^^^^^^^^^^^^^^^^^^^
  File "/storage03/larend/dyhealthnetlight_docker/dyhealthnetlight_backend/backend/utils/preprocessing/variant_to_pvals_mapping.py", line 100, in build_chrom
    env = init_env(lmdb_path, traits)
          ^^^^^^^^^^^^^^^^^^^^^^^^^^^
  File "/storage03/larend/dyhealthnetlight_docker/dyhealthnetlight_backend/backend/utils/preprocessing/variant_to_pvals_mapping.py", line 70, in init_env
    env = lmdb.open(
          ^^^^^^^^^^
lmdb.Error: /storage03/larend/pgwas_data/pgwas_out/GWAS_lmdb_var_pval/lmdb_chr1: No locks available
"""

The above exception was the direct cause of the following exception:

Traceback (most recent call last):
  File "/storage03/larend/dyhealthnetlight_docker/dyhealthnetlight_backend/backend/management/commands/normalize.py", line 25, in handle
    setup_variant_pvals_mapping_lmdb()
  File "/storage03/larend/dyhealthnetlight_docker/dyhealthnetlight_backend/backend/utils/preprocessing/variant_to_pvals_mapping.py", line 192, in setup_variant_pvals_mapping_lmdb
    build_snp_pval_map_lmdb(lmdb_path)
  File "/storage03/larend/dyhealthnetlight_docker/dyhealthnetlight_backend/backend/utils/preprocessing/variant_to_pvals_mapping.py", line 182, in build_snp_pval_map_lmdb
    for done in pool.imap_unordered(
  File "/home/larend/miniforge3/envs/dyhealthnetlight_backend/lib/python3.11/multiprocessing/pool.py", line 873, in next
    raise value
lmdb.Error: /storage03/larend/pgwas_data/pgwas_out/GWAS_lmdb_var_pval/lmdb_chr1: No locks available
[22/Aug/2025 07:44:23] ERROR Normalization or LMDB creations of GWAS files failed: /storage03/larend/pgwas_data/pgwas_out/GWAS_lmdb_var_pval/lmdb_chr1: No locks available
