Traceback (most recent call last):
  File "/storage03/larend/dyhealthnetlight_docker/dyhealthnetlight_backend/slurm_scripts/../manage.py", line 22, in <module>
    main()
  File "/storage03/larend/dyhealthnetlight_docker/dyhealthnetlight_backend/slurm_scripts/../manage.py", line 18, in main
    execute_from_command_line(sys.argv)
  File "/home/larend/miniforge3/envs/dyhealthnetlight_backend/lib/python3.11/site-packages/django/core/management/__init__.py", line 442, in execute_from_command_line
    utility.execute()
  File "/home/larend/miniforge3/envs/dyhealthnetlight_backend/lib/python3.11/site-packages/django/core/management/__init__.py", line 436, in execute
    self.fetch_command(subcommand).run_from_argv(self.argv)
    ^^^^^^^^^^^^^^^^^^^^^^^^^^^^^^
  File "/home/larend/miniforge3/envs/dyhealthnetlight_backend/lib/python3.11/site-packages/django/core/management/__init__.py", line 275, in fetch_command
    klass = load_command_class(app_name, subcommand)
            ^^^^^^^^^^^^^^^^^^^^^^^^^^^^^^^^^^^^^^^^
  File "/home/larend/miniforge3/envs/dyhealthnetlight_backend/lib/python3.11/site-packages/django/core/management/__init__.py", line 48, in load_command_class
    module = import_module("%s.management.commands.%s" % (app_name, name))
             ^^^^^^^^^^^^^^^^^^^^^^^^^^^^^^^^^^^^^^^^^^^^^^^^^^^^^^^^^^^^^
  File "/home/larend/miniforge3/envs/dyhealthnetlight_backend/lib/python3.11/importlib/__init__.py", line 126, in import_module
    return _bootstrap._gcd_import(name[level:], package, level)
           ^^^^^^^^^^^^^^^^^^^^^^^^^^^^^^^^^^^^^^^^^^^^^^^^^^^^
  File "<frozen importlib._bootstrap>", line 1204, in _gcd_import
  File "<frozen importlib._bootstrap>", line 1176, in _find_and_load
  File "<frozen importlib._bootstrap>", line 1147, in _find_and_load_unlocked
  File "<frozen importlib._bootstrap>", line 690, in _load_unlocked
  File "<frozen importlib._bootstrap_external>", line 940, in exec_module
  File "<frozen importlib._bootstrap>", line 241, in _call_with_frames_removed
  File "/storage03/larend/dyhealthnetlight_docker/dyhealthnetlight_backend/backend/management/commands/normalize.py", line 14, in <module>
    from backend.utils.preprocessing.variant_to_pvals_mapping import setup_variant_pvals_mapping_lmdb
ImportError: cannot import name 'setup_variant_pvals_mapping_lmdb' from 'backend.utils.preprocessing.variant_to_pvals_mapping' (/storage03/larend/dyhealthnetlight_docker/dyhealthnetlight_backend/backend/utils/preprocessing/variant_to_pvals_mapping.py)
